#
# A fatal error has been detected by the Java Runtime Environment:
#
#  EXCEPTION_ACCESS_VIOLATION (0xc0000005) at pc=0x00000000, pid=13372, tid=0x000010c4
#
# JRE version: Java(TM) SE Runtime Environment (8.0_121-b13) (build 1.8.0_121-b13)
# Java VM: Java HotSpot(TM) Client VM (25.121-b13 mixed mode, sharing windows-x86 )
# Problematic frame:
# C  0x00000000
#
# Failed to write core dump. Minidumps are not enabled by default on client versions of Windows
#
# If you would like to submit a bug report, please visit:
#   http://bugreport.java.com/bugreport/crash.jsp
#

---------------  T H R E A D  ---------------

Current thread (0x0212c000):  JavaThread "main" [_thread_in_Java, id=4292, stack(0x00890000,0x008e0000)]

siginfo: ExceptionCode=0xc0000005, ExceptionInformation=0x00000008 0x00000000

Registers:
EAX=0x00000000, EBX=0x15068370, ECX=0x00000000, EDX=0x008dea28
ESP=0x008de8bc, EBP=0x008de8dc, ESI=0x008de8c0, EDI=0x02280632
EIP=0x00000000, EFLAGS=0x00010246

Top of Stack: (sp=0x008de8bc)
0x008de8bc:   02280697 04464be0 0444bae8 0212c000
0x008de8cc:   00001f80 008de9fc 0212c000 02280632
0x008de8dc:   008de964 51b9aa85 008de910 008de9fc
0x008de8ec:   0000000a 15068370 00000000 008dea28
0x008de8fc:   00000002 0212c000 02126bf8 0212c000
0x008de90c:   15068370 0212c000 02203b60 15068370
0x008de91c:   0444bae8 008df190 0228d3b1 008df1d4
0x008de92c:   008de9f4 0212c000 0212bb70 0212c6b8 

Instructions: (pc=0x00000000)
0xffffffe0:   


Register to memory mapping:

EAX=0x00000000 is an unknown value
EBX=0x15068370 is pointing into metadata
ECX=0x00000000 is an unknown value
EDX=0x008dea28 is pointing into the stack for thread: 0x0212c000
ESP=0x008de8bc is pointing into the stack for thread: 0x0212c000
EBP=0x008de8dc is pointing into the stack for thread: 0x0212c000
ESI=0x008de8c0 is pointing into the stack for thread: 0x0212c000
EDI=0x02280632 is at begin+0 in a stub
StubRoutines::call_stub [0x02280632, 0x022806e2[ (176 bytes)


Stack: [0x00890000,0x008e0000],  sp=0x008de8bc,  free space=314k

---------------  P R O C E S S  ---------------

Java Threads: ( => current thread )
  0x02230000 JavaThread "Service Thread" daemon [_thread_blocked, id=16464, stack(0x15780000,0x157d0000)]
  0x02218c00 JavaThread "C1 CompilerThread0" daemon [_thread_blocked, id=16040, stack(0x156f0000,0x15740000)]
  0x02217c00 JavaThread "Attach Listener" daemon [_thread_blocked, id=11096, stack(0x15660000,0x156b0000)]
  0x02215c00 JavaThread "Signal Dispatcher" daemon [_thread_blocked, id=12328, stack(0x155d0000,0x15620000)]
  0x0220bc00 JavaThread "Finalizer" daemon [_thread_blocked, id=13444, stack(0x14ed0000,0x14f20000)]
  0x02206000 JavaThread "Reference Handler" daemon [_thread_blocked, id=384, stack(0x14400000,0x14450000)]
=>0x0212c000 JavaThread "main" [_thread_in_Java, id=4292, stack(0x00890000,0x008e0000)]

Other Threads:
  0x02202800 VMThread [stack: 0x04370000,0x043c0000] [id=4456]
  0x02246c00 WatcherThread [stack: 0x15810000,0x15860000] [id=1016]

VM state:not at safepoint (normal execution)

VM Mutex/Monitor currently owned by a thread: None

Heap:
 def new generation   total 4928K, used 446K [0x04400000, 0x04950000, 0x09950000)
  eden space 4416K,  10% used [0x04400000, 0x0446f820, 0x04850000)
  from space 512K,   0% used [0x04850000, 0x04850000, 0x048d0000)
  to   space 512K,   0% used [0x048d0000, 0x048d0000, 0x04950000)
 tenured generation   total 10944K, used 0K [0x09950000, 0x0a400000, 0x14400000)
   the space 10944K,   0% used [0x09950000, 0x09950000, 0x09950200, 0x0a400000)
 Metaspace       used 225K, capacity 2242K, committed 2368K, reserved 4480K

Card table byte_map: [0x04280000,0x04310000] byte_map_base: 0x0425e000

Polling page: 0x007d0000

CodeCache: size=32768Kb used=668Kb max_used=668Kb free=32099Kb
 bounds [0x02280000, 0x02328000, 0x04280000]
 total_blobs=151 nmethods=14 adapters=69
 compilation: enabled

Compilation events (10 events):
Event: 0.057 Thread 0x02218c00   10             java.lang.Character::toLowerCase (9 bytes)
Event: 0.058 Thread 0x02218c00 nmethod 10 0x02325dc8 code [0x02325ed0, 0x02325f78]
Event: 0.058 Thread 0x02218c00   11             java.lang.CharacterDataLatin1::toLowerCase (39 bytes)
Event: 0.058 Thread 0x02218c00 nmethod 11 0x02326008 code [0x02326100, 0x023261e0]
Event: 0.058 Thread 0x02218c00   12             java.lang.AbstractStringBuilder::ensureCapacityInternal (27 bytes)
Event: 0.058 Thread 0x02218c00 nmethod 12 0x023262c8 code [0x023263e0, 0x023265a8]
Event: 0.058 Thread 0x02218c00   13             java.lang.AbstractStringBuilder::append (29 bytes)
Event: 0.058 Thread 0x02218c00 nmethod 13 0x02326688 code [0x023267a0, 0x023269a8]
Event: 0.058 Thread 0x02218c00   14             java.lang.String::indexOf (166 bytes)
Event: 0.059 Thread 0x02218c00 nmethod 14 0x02326b48 code [0x02326c60, 0x02326e90]

GC Heap History (0 events):
No events

Deoptimization events (0 events):
No events

Internal exceptions (2 events):
Event: 0.021 Thread 0x0212c000 Exception <a 'java/lang/NoSuchMethodError': Method sun.misc.Unsafe.defineClass(Ljava/lang/String;[BII)Ljava/lang/Class; name or signature does not match> (0x04407918) thrown at [C:\workspace\8-2-build-windows-i586-cygwin\jdk8u121\8372\hotspot\src\share\vm
Event: 0.021 Thread 0x0212c000 Exception <a 'java/lang/NoSuchMethodError': Method sun.misc.Unsafe.prefetchRead(Ljava/lang/Object;J)V name or signature does not match> (0x04407be8) thrown at [C:\workspace\8-2-build-windows-i586-cygwin\jdk8u121\8372\hotspot\src\share\vm\prims\jni.cpp, li

Events (10 events):
Event: 0.054 loading class sun/nio/cs/ThreadLocalCoders$2
Event: 0.055 loading class sun/nio/cs/ThreadLocalCoders$2 done
Event: 0.057 loading class sun/misc/URLClassPath$FileLoader$1
Event: 0.057 loading class sun/misc/URLClassPath$FileLoader$1 done
Event: 0.058 loading class java/nio/LongBuffer
Event: 0.058 loading class java/nio/LongBuffer done
Event: 0.058 loading class java/nio/DirectLongBufferU
Event: 0.058 loading class java/nio/DirectLongBufferU done
Event: 0.059 loading class java/security/BasicPermissionCollection
Event: 0.059 loading class java/security/BasicPermissionCollection done


Dynamic libraries:
0x008f0000 - 0x00923000 	C:\Program Files (x86)\Java\jdk1.8.0_121\bin\javaw.exe
0x77ad0000 - 0x77c53000 	C:\Windows\SYSTEM32\ntdll.dll
0x76ba0000 - 0x76c80000 	C:\Windows\System32\KERNEL32.DLL
0x76de0000 - 0x76f81000 	C:\Windows\System32\KERNELBASE.dll
0x73420000 - 0x734b2000 	C:\Windows\system32\apphelp.dll
0x6fdc0000 - 0x70024000 	C:\Windows\AppPatch\AcGenral.DLL
0x76090000 - 0x7614e000 	C:\Windows\System32\msvcrt.dll
0x76040000 - 0x76081000 	C:\Windows\System32\sechost.dll
0x77490000 - 0x77551000 	C:\Windows\System32\RPCRT4.dll
0x74590000 - 0x745ae000 	C:\Windows\System32\SspiCli.dll
0x74580000 - 0x7458a000 	C:\Windows\System32\CRYPTBASE.dll
0x75ba0000 - 0x75bfa000 	C:\Windows\System32\bcryptPrimitives.dll
0x75b50000 - 0x75b96000 	C:\Windows\System32\SHLWAPI.dll
0x75d90000 - 0x75fa1000 	C:\Windows\System32\combase.dll
0x76570000 - 0x76650000 	C:\Windows\System32\ucrtbase.dll
0x76530000 - 0x7655b000 	C:\Windows\System32\GDI32.dll
0x76c80000 - 0x76ddb000 	C:\Windows\System32\gdi32full.dll
0x77020000 - 0x7717f000 	C:\Windows\System32\USER32.dll
0x76700000 - 0x76715000 	C:\Windows\System32\win32u.dll
0x762c0000 - 0x763aa000 	C:\Windows\System32\ole32.dll
0x76660000 - 0x766f4000 	C:\Windows\System32\OLEAUT32.dll
0x77180000 - 0x771fb000 	C:\Windows\System32\msvcp_win.dll
0x745e0000 - 0x759b9000 	C:\Windows\System32\SHELL32.dll
0x75a60000 - 0x75a96000 	C:\Windows\System32\cfgmgr32.dll
0x77560000 - 0x77ace000 	C:\Windows\System32\windows.storage.dll
0x75c00000 - 0x75c45000 	C:\Windows\System32\powrprof.dll
0x759e0000 - 0x75a57000 	C:\Windows\System32\advapi32.dll
0x75d80000 - 0x75d8d000 	C:\Windows\System32\kernel.appcore.dll
0x76f90000 - 0x77018000 	C:\Windows\System32\shcore.dll
0x75aa0000 - 0x75aaf000 	C:\Windows\System32\profapi.dll
0x731b0000 - 0x73225000 	C:\Windows\SYSTEM32\UxTheme.dll
0x71fe0000 - 0x72004000 	C:\Windows\SYSTEM32\WINMM.dll
0x6fda0000 - 0x6fdb5000 	C:\Windows\SYSTEM32\samcli.dll
0x6fd80000 - 0x6fd98000 	C:\Windows\SYSTEM32\MSACM32.dll
0x74370000 - 0x74378000 	C:\Windows\SYSTEM32\VERSION.dll
0x721b0000 - 0x721ca000 	C:\Windows\SYSTEM32\USERENV.dll
0x72930000 - 0x7294f000 	C:\Windows\SYSTEM32\dwmapi.dll
0x72950000 - 0x72ae4000 	C:\Windows\SYSTEM32\urlmon.dll
0x6fd10000 - 0x6fd7a000 	C:\Windows\SYSTEM32\WINSPOOL.DRV
0x74540000 - 0x74556000 	C:\Windows\SYSTEM32\MPR.dll
0x70820000 - 0x70843000 	C:\Windows\SYSTEM32\WINMMBASE.dll
0x71c60000 - 0x71e89000 	C:\Windows\SYSTEM32\iertutil.dll
0x74140000 - 0x7415b000 	C:\Windows\SYSTEM32\bcrypt.dll
0x745b0000 - 0x745d5000 	C:\Windows\System32\IMM32.DLL
0x737d0000 - 0x739da000 	C:\Windows\WinSxS\x86_microsoft.windows.common-controls_6595b64144ccf1df_6.0.14393.953_none_89c2555adb023171\COMCTL32.dll
0x6e9e0000 - 0x6ea9f000 	C:\Program Files (x86)\Java\jdk1.8.0_121\jre\bin\msvcr100.dll
0x51a40000 - 0x51e0e000 	C:\Program Files (x86)\Java\jdk1.8.0_121\jre\bin\client\jvm.dll
0x76650000 - 0x76656000 	C:\Windows\System32\PSAPI.DLL
0x74530000 - 0x74538000 	C:\Windows\SYSTEM32\WSOCK32.dll
0x76b30000 - 0x76b93000 	C:\Windows\System32\WS2_32.dll
0x72010000 - 0x7201c000 	C:\Program Files (x86)\Java\jdk1.8.0_121\jre\bin\verify.dll
0x6e9b0000 - 0x6e9d1000 	C:\Program Files (x86)\Java\jdk1.8.0_121\jre\bin\java.dll
0x6f0d0000 - 0x6f0e3000 	C:\Program Files (x86)\Java\jdk1.8.0_121\jre\bin\zip.dll
0x73600000 - 0x73745000 	C:\Windows\SYSTEM32\dbghelp.dll

VM Arguments:
jvm_args: -Dfile.encoding=Cp1252 
java_command: org.eclipse.epsilon.emc.ptcim.jacob.JacobTest
java_class_path (initial): C:\Git\Emc-ptcim\plugins\org.eclipse.epsilon.emc.ptcim.jacob\bin;C:\Git\Emc-ptcim\plugins\org.eclipse.epsilon.emc.ptcim.jacob\jacob.jar
Launcher Type: SUN_STANDARD

Environment Variables:
PATH=C:\Program Files\MATLAB\R2017a\bin\win64;C:\Program Files\Java\jre1.8.0_121\bin;C:\Windows\system32;C:\Windows;C:\Windows\System32\Wbem;C:\Windows\System32\WindowsPowerShell\v1.0\;C:\Enabler\Server\Bin;C:\Program Files (x86)\PTC Integrity Modeler\Modeler\ItsShadow\Exe;C:\Users\Thanos\.dnx\bin;C:\Program Files\Microsoft DNX\Dnvm\;C:\Program Files\Microsoft SQL Server\130\Tools\Binn\;C:\Program Files\MiKTeX 2.9\miktex\bin\x64\;C:\Program Files (x86)\Windows Kits\8.1\Windows Performance Toolkit\;C:\Program Files\Git\cmd;C:\Program Files\MATLAB\R2017a\runtime\win64;C:\Program Files\MATLAB\R2017a\bin;C:\Program Files (x86)\Skype\Phone\;C:\GNAT\2016\bin;C:\Users\Thanos\AppData\Local\Microsoft\WindowsApps
USERNAME=Thanos
OS=Windows_NT
PROCESSOR_IDENTIFIER=Intel64 Family 6 Model 61 Stepping 4, GenuineIntel



---------------  S Y S T E M  ---------------

OS: Windows 10.0 , 64 bit Build 14393 (10.0.14393.0)

CPU:total 4 (2 cores per cpu, 2 threads per core) family 6 model 61 stepping 4, cmov, cx8, fxsr, mmx, sse, sse2, sse3, ssse3, sse4.1, sse4.2, popcnt, avx, avx2, aes, clmul, erms, rtm, 3dnowpref, lzcnt, ht, tsc, tscinvbit, bmi1, bmi2, adx

Memory: 4k page, physical 16465860k(9238784k free), swap 18956228k(10202576k free)

vm_info: Java HotSpot(TM) Client VM (25.121-b13) for windows-x86 JRE (1.8.0_121-b13), built on Dec 12 2016 18:17:00 by "java_re" with MS VC++ 10.0 (VS2010)

time: Fri Mar 31 14:22:25 2017
elapsed time: 0 seconds (0d 0h 0m 0s)

