#
# A fatal error has been detected by the Java Runtime Environment:
#
#  EXCEPTION_ACCESS_VIOLATION (0xc0000005) at pc=0x00000000, pid=11372, tid=0x00001e5c
#
# JRE version: Java(TM) SE Runtime Environment (8.0_121-b13) (build 1.8.0_121-b13)
# Java VM: Java HotSpot(TM) Client VM (25.121-b13 mixed mode, sharing windows-x86 )
# Problematic frame:
# C  0x00000000
#
# Failed to write core dump. Minidumps are not enabled by default on client versions of Windows
#
# If you would like to submit a bug report, please visit:
#   http://bugreport.java.com/bugreport/crash.jsp
#

---------------  T H R E A D  ---------------

Current thread (0x0235c000):  JavaThread "main" [_thread_in_Java, id=7772, stack(0x005b0000,0x00600000)]

siginfo: ExceptionCode=0xc0000005, ExceptionInformation=0x00000008 0x00000000

Registers:
EAX=0x00000000, EBX=0x15068370, ECX=0x00000000, EDX=0x005feb58
ESP=0x005fe9ec, EBP=0x005fea0c, ESI=0x005fe9f0, EDI=0x02360632
EIP=0x00000000, EFLAGS=0x00010246

Top of Stack: (sp=0x005fe9ec)
0x005fe9ec:   02360697 04464ba8 0444bae8 0235c000
0x005fe9fc:   00001f80 005feb2c 0235c000 02360632
0x005fea0c:   005fea94 51b9aa85 005fea40 005feb2c
0x005fea1c:   0000000a 15068370 00000000 005feb58
0x005fea2c:   00000002 0235c000 023568d8 0235c000
0x005fea3c:   15068370 0235c000 00853b60 15068370
0x005fea4c:   0444bae8 005ff2c0 0236d3b1 005ff304
0x005fea5c:   005feb24 0235c000 0235bb70 0235c6b8 

Instructions: (pc=0x00000000)
0xffffffe0:   


Register to memory mapping:

EAX=0x00000000 is an unknown value
EBX=0x15068370 is pointing into metadata
ECX=0x00000000 is an unknown value
EDX=0x005feb58 is pointing into the stack for thread: 0x0235c000
ESP=0x005fe9ec is pointing into the stack for thread: 0x0235c000
EBP=0x005fea0c is pointing into the stack for thread: 0x0235c000
ESI=0x005fe9f0 is pointing into the stack for thread: 0x0235c000
EDI=0x02360632 is at begin+0 in a stub
StubRoutines::call_stub [0x02360632, 0x023606e2[ (176 bytes)


Stack: [0x005b0000,0x00600000],  sp=0x005fe9ec,  free space=314k

---------------  P R O C E S S  ---------------

Java Threads: ( => current thread )
  0x00886000 JavaThread "Service Thread" daemon [_thread_blocked, id=5244, stack(0x156a0000,0x156f0000)]
  0x00867400 JavaThread "C1 CompilerThread0" daemon [_thread_blocked, id=5300, stack(0x15610000,0x15660000)]
  0x00866400 JavaThread "Attach Listener" daemon [_thread_blocked, id=6904, stack(0x15000000,0x15050000)]
  0x00864400 JavaThread "Signal Dispatcher" daemon [_thread_blocked, id=6496, stack(0x14400000,0x14450000)]
  0x0085bc00 JavaThread "Finalizer" daemon [_thread_blocked, id=6928, stack(0x04360000,0x043b0000)]
  0x00856000 JavaThread "Reference Handler" daemon [_thread_blocked, id=12996, stack(0x022a0000,0x022f0000)]
=>0x0235c000 JavaThread "main" [_thread_in_Java, id=7772, stack(0x005b0000,0x00600000)]

Other Threads:
  0x00852800 VMThread [stack: 0x02210000,0x02260000] [id=15540]
  0x00894800 WatcherThread [stack: 0x15730000,0x15780000] [id=732]

VM state:not at safepoint (normal execution)

VM Mutex/Monitor currently owned by a thread: None

Heap:
 def new generation   total 4928K, used 446K [0x04400000, 0x04950000, 0x09950000)
  eden space 4416K,  10% used [0x04400000, 0x0446f820, 0x04850000)
  from space 512K,   0% used [0x04850000, 0x04850000, 0x048d0000)
  to   space 512K,   0% used [0x048d0000, 0x048d0000, 0x04950000)
 tenured generation   total 10944K, used 0K [0x09950000, 0x0a400000, 0x14400000)
   the space 10944K,   0% used [0x09950000, 0x09950000, 0x09950200, 0x0a400000)
 Metaspace       used 225K, capacity 2242K, committed 2368K, reserved 4480K

Card table byte_map: [0x020d0000,0x02160000] byte_map_base: 0x020ae000

Polling page: 0x00650000

CodeCache: size=32768Kb used=668Kb max_used=668Kb free=32099Kb
 bounds [0x02360000, 0x02408000, 0x04360000]
 total_blobs=151 nmethods=14 adapters=69
 compilation: enabled

Compilation events (10 events):
Event: 0.101 Thread 0x00867400   10             java.lang.Character::toLowerCase (9 bytes)
Event: 0.101 Thread 0x00867400 nmethod 10 0x02405dc8 code [0x02405ed0, 0x02405f78]
Event: 0.101 Thread 0x00867400   11             java.lang.CharacterDataLatin1::toLowerCase (39 bytes)
Event: 0.101 Thread 0x00867400 nmethod 11 0x02406008 code [0x02406100, 0x024061e0]
Event: 0.101 Thread 0x00867400   12             java.lang.AbstractStringBuilder::ensureCapacityInternal (27 bytes)
Event: 0.101 Thread 0x00867400 nmethod 12 0x024062c8 code [0x024063e0, 0x024065a8]
Event: 0.101 Thread 0x00867400   13             java.lang.AbstractStringBuilder::append (29 bytes)
Event: 0.102 Thread 0x00867400 nmethod 13 0x02406688 code [0x024067a0, 0x024069a8]
Event: 0.102 Thread 0x00867400   14             java.lang.String::indexOf (166 bytes)
Event: 0.102 Thread 0x00867400 nmethod 14 0x02406b48 code [0x02406c60, 0x02406e90]

GC Heap History (0 events):
No events

Deoptimization events (0 events):
No events

Internal exceptions (2 events):
Event: 0.029 Thread 0x0235c000 Exception <a 'java/lang/NoSuchMethodError': Method sun.misc.Unsafe.defineClass(Ljava/lang/String;[BII)Ljava/lang/Class; name or signature does not match> (0x04407918) thrown at [C:\workspace\8-2-build-windows-i586-cygwin\jdk8u121\8372\hotspot\src\share\vm
Event: 0.029 Thread 0x0235c000 Exception <a 'java/lang/NoSuchMethodError': Method sun.misc.Unsafe.prefetchRead(Ljava/lang/Object;J)V name or signature does not match> (0x04407be8) thrown at [C:\workspace\8-2-build-windows-i586-cygwin\jdk8u121\8372\hotspot\src\share\vm\prims\jni.cpp, li

Events (10 events):
Event: 0.095 loading class sun/nio/cs/ThreadLocalCoders$2
Event: 0.095 loading class sun/nio/cs/ThreadLocalCoders$2 done
Event: 0.101 loading class sun/misc/URLClassPath$FileLoader$1
Event: 0.101 loading class sun/misc/URLClassPath$FileLoader$1 done
Event: 0.102 loading class java/nio/LongBuffer
Event: 0.102 loading class java/nio/LongBuffer done
Event: 0.102 loading class java/nio/DirectLongBufferU
Event: 0.103 loading class java/nio/DirectLongBufferU done
Event: 0.104 loading class java/security/BasicPermissionCollection
Event: 0.104 loading class java/security/BasicPermissionCollection done


Dynamic libraries:
0x008f0000 - 0x00923000 	C:\Program Files (x86)\Java\jdk1.8.0_121\bin\javaw.exe
0x77ad0000 - 0x77c53000 	C:\Windows\SYSTEM32\ntdll.dll
0x76ba0000 - 0x76c80000 	C:\Windows\System32\KERNEL32.DLL
0x76de0000 - 0x76f81000 	C:\Windows\System32\KERNELBASE.dll
0x73420000 - 0x734b2000 	C:\Windows\system32\apphelp.dll
0x6fdc0000 - 0x70024000 	C:\Windows\AppPatch\AcGenral.DLL
0x76090000 - 0x7614e000 	C:\Windows\System32\msvcrt.dll
0x76040000 - 0x76081000 	C:\Windows\System32\sechost.dll
0x77490000 - 0x77551000 	C:\Windows\System32\RPCRT4.dll
0x74590000 - 0x745ae000 	C:\Windows\System32\SspiCli.dll
0x74580000 - 0x7458a000 	C:\Windows\System32\CRYPTBASE.dll
0x75ba0000 - 0x75bfa000 	C:\Windows\System32\bcryptPrimitives.dll
0x75b50000 - 0x75b96000 	C:\Windows\System32\SHLWAPI.dll
0x75d90000 - 0x75fa1000 	C:\Windows\System32\combase.dll
0x76570000 - 0x76650000 	C:\Windows\System32\ucrtbase.dll
0x76530000 - 0x7655b000 	C:\Windows\System32\GDI32.dll
0x76c80000 - 0x76ddb000 	C:\Windows\System32\gdi32full.dll
0x77020000 - 0x7717f000 	C:\Windows\System32\USER32.dll
0x76700000 - 0x76715000 	C:\Windows\System32\win32u.dll
0x762c0000 - 0x763aa000 	C:\Windows\System32\ole32.dll
0x76660000 - 0x766f4000 	C:\Windows\System32\OLEAUT32.dll
0x77180000 - 0x771fb000 	C:\Windows\System32\msvcp_win.dll
0x745e0000 - 0x759b9000 	C:\Windows\System32\SHELL32.dll
0x75a60000 - 0x75a96000 	C:\Windows\System32\cfgmgr32.dll
0x77560000 - 0x77ace000 	C:\Windows\System32\windows.storage.dll
0x75c00000 - 0x75c45000 	C:\Windows\System32\powrprof.dll
0x759e0000 - 0x75a57000 	C:\Windows\System32\advapi32.dll
0x75d80000 - 0x75d8d000 	C:\Windows\System32\kernel.appcore.dll
0x76f90000 - 0x77018000 	C:\Windows\System32\shcore.dll
0x75aa0000 - 0x75aaf000 	C:\Windows\System32\profapi.dll
0x731b0000 - 0x73225000 	C:\Windows\SYSTEM32\UxTheme.dll
0x71fe0000 - 0x72004000 	C:\Windows\SYSTEM32\WINMM.dll
0x6fda0000 - 0x6fdb5000 	C:\Windows\SYSTEM32\samcli.dll
0x6fd80000 - 0x6fd98000 	C:\Windows\SYSTEM32\MSACM32.dll
0x74370000 - 0x74378000 	C:\Windows\SYSTEM32\VERSION.dll
0x721b0000 - 0x721ca000 	C:\Windows\SYSTEM32\USERENV.dll
0x72930000 - 0x7294f000 	C:\Windows\SYSTEM32\dwmapi.dll
0x72950000 - 0x72ae4000 	C:\Windows\SYSTEM32\urlmon.dll
0x6fd10000 - 0x6fd7a000 	C:\Windows\SYSTEM32\WINSPOOL.DRV
0x74540000 - 0x74556000 	C:\Windows\SYSTEM32\MPR.dll
0x70820000 - 0x70843000 	C:\Windows\SYSTEM32\WINMMBASE.dll
0x71c60000 - 0x71e89000 	C:\Windows\SYSTEM32\iertutil.dll
0x74140000 - 0x7415b000 	C:\Windows\SYSTEM32\bcrypt.dll
0x745b0000 - 0x745d5000 	C:\Windows\System32\IMM32.DLL
0x737d0000 - 0x739da000 	C:\Windows\WinSxS\x86_microsoft.windows.common-controls_6595b64144ccf1df_6.0.14393.953_none_89c2555adb023171\COMCTL32.dll
0x6e9e0000 - 0x6ea9f000 	C:\Program Files (x86)\Java\jdk1.8.0_121\jre\bin\msvcr100.dll
0x51a40000 - 0x51e0e000 	C:\Program Files (x86)\Java\jdk1.8.0_121\jre\bin\client\jvm.dll
0x76650000 - 0x76656000 	C:\Windows\System32\PSAPI.DLL
0x74530000 - 0x74538000 	C:\Windows\SYSTEM32\WSOCK32.dll
0x76b30000 - 0x76b93000 	C:\Windows\System32\WS2_32.dll
0x72010000 - 0x7201c000 	C:\Program Files (x86)\Java\jdk1.8.0_121\jre\bin\verify.dll
0x6e9b0000 - 0x6e9d1000 	C:\Program Files (x86)\Java\jdk1.8.0_121\jre\bin\java.dll
0x6f0d0000 - 0x6f0e3000 	C:\Program Files (x86)\Java\jdk1.8.0_121\jre\bin\zip.dll
0x73600000 - 0x73745000 	C:\Windows\SYSTEM32\dbghelp.dll

VM Arguments:
jvm_args: -Dfile.encoding=Cp1252 
java_command: org.eclipse.epsilon.emc.ptcim.jacob.JacobTest
java_class_path (initial): C:\Git\Emc-ptcim\plugins\org.eclipse.epsilon.emc.ptcim.jacob\bin;C:\Git\Emc-ptcim\plugins\org.eclipse.epsilon.emc.ptcim.jacob\jacob.jar
Launcher Type: SUN_STANDARD

Environment Variables:
PATH=C:\Program Files\MATLAB\R2017a\bin\win64;C:\Program Files\Java\jre1.8.0_121\bin;C:\Windows\system32;C:\Windows;C:\Windows\System32\Wbem;C:\Windows\System32\WindowsPowerShell\v1.0\;C:\Enabler\Server\Bin;C:\Program Files (x86)\PTC Integrity Modeler\Modeler\ItsShadow\Exe;C:\Users\Thanos\.dnx\bin;C:\Program Files\Microsoft DNX\Dnvm\;C:\Program Files\Microsoft SQL Server\130\Tools\Binn\;C:\Program Files\MiKTeX 2.9\miktex\bin\x64\;C:\Program Files (x86)\Windows Kits\8.1\Windows Performance Toolkit\;C:\Program Files\Git\cmd;C:\Program Files\MATLAB\R2017a\runtime\win64;C:\Program Files\MATLAB\R2017a\bin;C:\Program Files (x86)\Skype\Phone\;C:\GNAT\2016\bin;C:\Users\Thanos\AppData\Local\Microsoft\WindowsApps
USERNAME=Thanos
OS=Windows_NT
PROCESSOR_IDENTIFIER=Intel64 Family 6 Model 61 Stepping 4, GenuineIntel



---------------  S Y S T E M  ---------------

OS: Windows 10.0 , 64 bit Build 14393 (10.0.14393.0)

CPU:total 4 (2 cores per cpu, 2 threads per core) family 6 model 61 stepping 4, cmov, cx8, fxsr, mmx, sse, sse2, sse3, ssse3, sse4.1, sse4.2, popcnt, avx, avx2, aes, clmul, erms, rtm, 3dnowpref, lzcnt, ht, tsc, tscinvbit, bmi1, bmi2, adx

Memory: 4k page, physical 16465860k(9196600k free), swap 18956228k(10177564k free)

vm_info: Java HotSpot(TM) Client VM (25.121-b13) for windows-x86 JRE (1.8.0_121-b13), built on Dec 12 2016 18:17:00 by "java_re" with MS VC++ 10.0 (VS2010)

time: Fri Mar 31 14:38:28 2017
elapsed time: 0 seconds (0d 0h 0m 0s)

